<?xml version="1.0" encoding="UTF-8"?>
<!-- Generated by org.testng.reporters.JUnitXMLReporter -->
<testsuite ignored="0" hostname="RABFNHVSG3" failures="5" tests="7" name="Command line test" time="90.985" errors="0" timestamp="2022-09-29T10:51:18 WEST">
  <testcase classname="MhdTest" name="clickAndHold" time="11.198"/>
  <testcase classname="NespressoTest" name="test" time="20.078">
    <failure type="org.openqa.selenium.NoSuchElementException" message="no such element: Unable to locate element: {&amp;quot;method&amp;quot;:&amp;quot;xpath&amp;quot;,&amp;quot;selector&amp;quot;:&amp;quot;//button[@id=&amp;apos;_evidon-banner-acceptbutton&amp;apos;]&amp;quot;}
  (Session info: chrome=105.0.5195.127)
For documentation on this error, please visit: https://selenium.dev/exceptions/#no_such_element
Build info: version: &amp;apos;4.4.0&amp;apos;, revision: &amp;apos;e5c75ed026a&amp;apos;
System info: host: &amp;apos;RABFNHVSG3&amp;apos;, ip: &amp;apos;192.168.1.35&amp;apos;, os.name: &amp;apos;Windows 10&amp;apos;, os.arch: &amp;apos;amd64&amp;apos;, os.version: &amp;apos;10.0&amp;apos;, java.version: &amp;apos;18.0.2.1&amp;apos;
Driver info: org.openqa.selenium.chrome.ChromeDriver
Command: [b94c0b1f1d0c1322bb0f6191f0b0e97f, findElement {using=xpath, value=//button[@id=&amp;apos;_evidon-banner-acceptbutton&amp;apos;]}]
Capabilities {acceptInsecureCerts: false, browserName: chrome, browserVersion: 105.0.5195.127, chrome: {chromedriverVersion: 105.0.5195.52 (412c95e51883..., userDataDir: C:\Users\fzjadour\AppData\L...}, goog:chromeOptions: {debuggerAddress: localhost:53906}, networkConnectionEnabled: false, pageLoadStrategy: normal, platformName: WINDOWS, proxy: Proxy(), se:cdp: ws://localhost:53906/devtoo..., se:cdpVersion: 105.0.5195.127, setWindowRect: true, strictFileInteractability: false, timeouts: {implicit: 0, pageLoad: 300000, script: 30000}, unhandledPromptBehavior: dismiss and notify, webauthn:extension:credBlob: true, webauthn:extension:largeBlob: true, webauthn:virtualAuthenticators: true}
Session ID: b94c0b1f1d0c1322bb0f6191f0b0e97f">
      <![CDATA[org.openqa.selenium.NoSuchElementException: no such element: Unable to locate element: {"method":"xpath","selector":"//button[@id='_evidon-banner-acceptbutton']"}
  (Session info: chrome=105.0.5195.127)
For documentation on this error, please visit: https://selenium.dev/exceptions/#no_such_element
Build info: version: '4.4.0', revision: 'e5c75ed026a'
System info: host: 'RABFNHVSG3', ip: '192.168.1.35', os.name: 'Windows 10', os.arch: 'amd64', os.version: '10.0', java.version: '18.0.2.1'
Driver info: org.openqa.selenium.chrome.ChromeDriver
Command: [b94c0b1f1d0c1322bb0f6191f0b0e97f, findElement {using=xpath, value=//button[@id='_evidon-banner-acceptbutton']}]
Capabilities {acceptInsecureCerts: false, browserName: chrome, browserVersion: 105.0.5195.127, chrome: {chromedriverVersion: 105.0.5195.52 (412c95e51883..., userDataDir: C:\Users\fzjadour\AppData\L...}, goog:chromeOptions: {debuggerAddress: localhost:53906}, networkConnectionEnabled: false, pageLoadStrategy: normal, platformName: WINDOWS, proxy: Proxy(), se:cdp: ws://localhost:53906/devtoo..., se:cdpVersion: 105.0.5195.127, setWindowRect: true, strictFileInteractability: false, timeouts: {implicit: 0, pageLoad: 300000, script: 30000}, unhandledPromptBehavior: dismiss and notify, webauthn:extension:credBlob: true, webauthn:extension:largeBlob: true, webauthn:virtualAuthenticators: true}
Session ID: b94c0b1f1d0c1322bb0f6191f0b0e97f
at org.openqa.selenium.remote.codec.w3c.W3CHttpResponseCodec.createException(W3CHttpResponseCodec.java:200)
at org.openqa.selenium.remote.codec.w3c.W3CHttpResponseCodec.decode(W3CHttpResponseCodec.java:133)
at org.openqa.selenium.remote.codec.w3c.W3CHttpResponseCodec.decode(W3CHttpResponseCodec.java:53)
at org.openqa.selenium.remote.HttpCommandExecutor.execute(HttpCommandExecutor.java:184)
at org.openqa.selenium.remote.service.DriverCommandExecutor.invokeExecute(DriverCommandExecutor.java:167)
at org.openqa.selenium.remote.service.DriverCommandExecutor.execute(DriverCommandExecutor.java:142)
at org.openqa.selenium.remote.RemoteWebDriver.execute(RemoteWebDriver.java:547)
at org.openqa.selenium.remote.ElementLocation$ElementFinder$2.findElement(ElementLocation.java:162)
at org.openqa.selenium.remote.ElementLocation.findElement(ElementLocation.java:60)
at org.openqa.selenium.remote.RemoteWebDriver.findElement(RemoteWebDriver.java:365)
at org.openqa.selenium.remote.RemoteWebDriver.findElement(RemoteWebDriver.java:357)
at NespressoTest.test(NespressoTest.java:39)
at java.base/java.util.ArrayList.forEach(ArrayList.java:1511)
... Removed 36 stack frames]]>
    </failure>
  </testcase> <!-- test -->
  <testcase classname="PageObjectPatternTest" name="navigateToTheCatalog" time="0.001">
    <failure type="java.lang.NoClassDefFoundError" message="org/openqa/selenium/support/PageFactory">
      <![CDATA[java.lang.NoClassDefFoundError: org/openqa/selenium/support/PageFactory
at org.selenium.Pages.HomePage.<init>(HomePage.java:23)
at PageObjectPatternTest.navigateToTheCatalog(PageObjectPatternTest.java:41)
at java.base/java.util.ArrayList.forEach(ArrayList.java:1511)
Caused by: java.lang.ClassNotFoundException: org.openqa.selenium.support.PageFactory
at java.base/jdk.internal.loader.BuiltinClassLoader.loadClass(BuiltinClassLoader.java:641)
at java.base/jdk.internal.loader.ClassLoaders$AppClassLoader.loadClass(ClassLoaders.java:188)
at java.base/java.lang.ClassLoader.loadClass(ClassLoader.java:521)
... 36 more
... Removed 33 stack frames]]>
    </failure>
  </testcase> <!-- navigateToTheCatalog -->
  <testcase classname="PageObjectPatternTest" name="addProductToCart" time="0.002">
    <failure type="java.lang.NoClassDefFoundError" message="org/openqa/selenium/support/PageFactory">
      <![CDATA[java.lang.NoClassDefFoundError: org/openqa/selenium/support/PageFactory
at org.selenium.Pages.ProductsList.<init>(ProductsList.java:37)
at PageObjectPatternTest.addProductToCart(PageObjectPatternTest.java:48)
at java.base/java.util.ArrayList.forEach(ArrayList.java:1511)
Caused by: java.lang.ClassNotFoundException: org.openqa.selenium.support.PageFactory
at java.base/jdk.internal.loader.BuiltinClassLoader.loadClass(BuiltinClassLoader.java:641)
at java.base/jdk.internal.loader.ClassLoaders$AppClassLoader.loadClass(ClassLoaders.java:188)
at java.base/java.lang.ClassLoader.loadClass(ClassLoader.java:521)
... 36 more
... Removed 33 stack frames]]>
    </failure>
  </testcase> <!-- addProductToCart -->
  <testcase classname="PageObjectPatternTest" name="checkProductsInCart" time="0.001">
    <failure type="java.lang.NoClassDefFoundError" message="org/openqa/selenium/support/PageFactory">
      <![CDATA[java.lang.NoClassDefFoundError: org/openqa/selenium/support/PageFactory
at org.selenium.Pages.CartPage.<init>(CartPage.java:25)
at PageObjectPatternTest.checkProductsInCart(PageObjectPatternTest.java:55)
at java.base/java.util.ArrayList.forEach(ArrayList.java:1511)
Caused by: java.lang.ClassNotFoundException: org.openqa.selenium.support.PageFactory
at java.base/jdk.internal.loader.BuiltinClassLoader.loadClass(BuiltinClassLoader.java:641)
at java.base/jdk.internal.loader.ClassLoaders$AppClassLoader.loadClass(ClassLoaders.java:188)
at java.base/java.lang.ClassLoader.loadClass(ClassLoader.java:521)
... 36 more
... Removed 33 stack frames]]>
    </failure>
  </testcase> <!-- checkProductsInCart -->
  <testcase classname="PageObjectPatternTest" name="checkout" time="0.001">
    <failure type="java.lang.NullPointerException" message="Cannot invoke &amp;quot;org.selenium.Pages.CartPage.proceedToCheckout()&amp;quot; because &amp;quot;this.cartPage&amp;quot; is null">
      <![CDATA[java.lang.NullPointerException: Cannot invoke "org.selenium.Pages.CartPage.proceedToCheckout()" because "this.cartPage" is null
at PageObjectPatternTest.checkout(PageObjectPatternTest.java:64)
at java.base/java.util.ArrayList.forEach(ArrayList.java:1511)
... Removed 33 stack frames]]>
    </failure>
  </testcase> <!-- checkout -->
  <testcase classname="TestClass" name="test" time="0.009"/>
</testsuite> <!-- Command line test -->
