-------------------------------------------------------------------------------
Test set: TestSuite
-------------------------------------------------------------------------------
Tests run: 7, Failures: 5, Errors: 0, Skipped: 0, Time elapsed: 91.825 sec <<< FAILURE!
test(NespressoTest)  Time elapsed: 20.088 sec  <<< FAILURE!
org.openqa.selenium.NoSuchElementException: no such element: Unable to locate element: {"method":"xpath","selector":"//button[@id='_evidon-banner-acceptbutton']"}
  (Session info: chrome=105.0.5195.127)
For documentation on this error, please visit: https://selenium.dev/exceptions/#no_such_element
Build info: version: '4.4.0', revision: 'e5c75ed026a'
System info: host: 'RABFNHVSG3', ip: '192.168.1.35', os.name: 'Windows 10', os.arch: 'amd64', os.version: '10.0', java.version: '18.0.2.1'
Driver info: org.openqa.selenium.chrome.ChromeDriver
Command: [b94c0b1f1d0c1322bb0f6191f0b0e97f, findElement {using=xpath, value=//button[@id='_evidon-banner-acceptbutton']}]
Capabilities {acceptInsecureCerts: false, browserName: chrome, browserVersion: 105.0.5195.127, chrome: {chromedriverVersion: 105.0.5195.52 (412c95e51883..., userDataDir: C:\Users\fzjadour\AppData\L...}, goog:chromeOptions: {debuggerAddress: localhost:53906}, networkConnectionEnabled: false, pageLoadStrategy: normal, platformName: WINDOWS, proxy: Proxy(), se:cdp: ws://localhost:53906/devtoo..., se:cdpVersion: 105.0.5195.127, setWindowRect: true, strictFileInteractability: false, timeouts: {implicit: 0, pageLoad: 300000, script: 30000}, unhandledPromptBehavior: dismiss and notify, webauthn:extension:credBlob: true, webauthn:extension:largeBlob: true, webauthn:virtualAuthenticators: true}
Session ID: b94c0b1f1d0c1322bb0f6191f0b0e97f
	at java.base/jdk.internal.reflect.DirectConstructorHandleAccessor.newInstance(DirectConstructorHandleAccessor.java:67)
	at java.base/java.lang.reflect.Constructor.newInstanceWithCaller(Constructor.java:499)
	at java.base/java.lang.reflect.Constructor.newInstance(Constructor.java:483)
	at org.openqa.selenium.remote.codec.w3c.W3CHttpResponseCodec.createException(W3CHttpResponseCodec.java:200)
	at org.openqa.selenium.remote.codec.w3c.W3CHttpResponseCodec.decode(W3CHttpResponseCodec.java:133)
	at org.openqa.selenium.remote.codec.w3c.W3CHttpResponseCodec.decode(W3CHttpResponseCodec.java:53)
	at org.openqa.selenium.remote.HttpCommandExecutor.execute(HttpCommandExecutor.java:184)
	at org.openqa.selenium.remote.service.DriverCommandExecutor.invokeExecute(DriverCommandExecutor.java:167)
	at org.openqa.selenium.remote.service.DriverCommandExecutor.execute(DriverCommandExecutor.java:142)
	at org.openqa.selenium.remote.RemoteWebDriver.execute(RemoteWebDriver.java:547)
	at org.openqa.selenium.remote.ElementLocation$ElementFinder$2.findElement(ElementLocation.java:162)
	at org.openqa.selenium.remote.ElementLocation.findElement(ElementLocation.java:60)
	at org.openqa.selenium.remote.RemoteWebDriver.findElement(RemoteWebDriver.java:365)
	at org.openqa.selenium.remote.RemoteWebDriver.findElement(RemoteWebDriver.java:357)
	at NespressoTest.test(NespressoTest.java:39)

navigateToTheCatalog(PageObjectPatternTest)  Time elapsed: 0 sec  <<< FAILURE!
java.lang.NoClassDefFoundError: org/openqa/selenium/support/PageFactory
	at org.selenium.Pages.HomePage.<init>(HomePage.java:23)
	at PageObjectPatternTest.navigateToTheCatalog(PageObjectPatternTest.java:41)
Caused by: java.lang.ClassNotFoundException: org.openqa.selenium.support.PageFactory
	at java.base/jdk.internal.loader.BuiltinClassLoader.loadClass(BuiltinClassLoader.java:641)
	at java.base/jdk.internal.loader.ClassLoaders$AppClassLoader.loadClass(ClassLoaders.java:188)
	at java.base/java.lang.ClassLoader.loadClass(ClassLoader.java:521)
	... 36 more

addProductToCart(PageObjectPatternTest)  Time elapsed: 0.001 sec  <<< FAILURE!
java.lang.NoClassDefFoundError: org/openqa/selenium/support/PageFactory
	at org.selenium.Pages.ProductsList.<init>(ProductsList.java:37)
	at PageObjectPatternTest.addProductToCart(PageObjectPatternTest.java:48)
Caused by: java.lang.ClassNotFoundException: org.openqa.selenium.support.PageFactory
	at java.base/jdk.internal.loader.BuiltinClassLoader.loadClass(BuiltinClassLoader.java:641)
	at java.base/jdk.internal.loader.ClassLoaders$AppClassLoader.loadClass(ClassLoaders.java:188)
	at java.base/java.lang.ClassLoader.loadClass(ClassLoader.java:521)
	... 36 more

checkProductsInCart(PageObjectPatternTest)  Time elapsed: 0.001 sec  <<< FAILURE!
java.lang.NoClassDefFoundError: org/openqa/selenium/support/PageFactory
	at org.selenium.Pages.CartPage.<init>(CartPage.java:25)
	at PageObjectPatternTest.checkProductsInCart(PageObjectPatternTest.java:55)
Caused by: java.lang.ClassNotFoundException: org.openqa.selenium.support.PageFactory
	at java.base/jdk.internal.loader.BuiltinClassLoader.loadClass(BuiltinClassLoader.java:641)
	at java.base/jdk.internal.loader.ClassLoaders$AppClassLoader.loadClass(ClassLoaders.java:188)
	at java.base/java.lang.ClassLoader.loadClass(ClassLoader.java:521)
	... 36 more

checkout(PageObjectPatternTest)  Time elapsed: 0.002 sec  <<< FAILURE!
java.lang.NullPointerException: Cannot invoke "org.selenium.Pages.CartPage.proceedToCheckout()" because "this.cartPage" is null
	at PageObjectPatternTest.checkout(PageObjectPatternTest.java:64)

